Copyright 1986-2017 Xilinx, Inc. All Rights Reserved.
-----------------------------------------------------------------------------------------------------------------------------------------------------------------------------------------------------------------------------------------------------------------
| Tool Version : Vivado v.2017.4 (win64) Build 2086221 Fri Dec 15 20:55:39 MST 2017
| Date         : Sat Mar 10 22:43:55 2018
| Host         : DESKTOP-7NB8043 running 64-bit major release  (build 9200)
| Command      : report_methodology -file combinational_unsigned_integer_multiplier_methodology_drc_routed.rpt -pb combinational_unsigned_integer_multiplier_methodology_drc_routed.pb -rpx combinational_unsigned_integer_multiplier_methodology_drc_routed.rpx
| Design       : combinational_unsigned_integer_multiplier
| Device       : xc7a100tcsg324-1
| Speed File   : -1
| Design State : Routed
-----------------------------------------------------------------------------------------------------------------------------------------------------------------------------------------------------------------------------------------------------------------

Report Methodology

Table of Contents
-----------------
1. REPORT SUMMARY
2. REPORT DETAILS

1. REPORT SUMMARY
-----------------
            Netlist: netlist
          Floorplan: design_1
      Design limits: <entire design considered>
             Max violations: <unlimited>
             Violations found: 0
+------+----------+-------------+------------+
| Rule | Severity | Description | Violations |
+------+----------+-------------+------------+
+------+----------+-------------+------------+

2. REPORT DETAILS
-----------------

