Copyright 1986-2017 Xilinx, Inc. All Rights Reserved.
----------------------------------------------------------------------------------------------
| Tool Version : Vivado v.2017.4 (win64) Build 2086221 Fri Dec 15 20:55:39 MST 2017
| Date         : Sun Mar 18 12:07:00 2018
| Host         : DESKTOP-7NB8043 running 64-bit major release  (build 9200)
| Command      : report_control_sets -verbose -file pipeline_IUM_FPGA_control_sets_placed.rpt
| Design       : pipeline_IUM_FPGA
| Device       : xc7a100t
----------------------------------------------------------------------------------------------

Control Set Information

Table of Contents
-----------------
1. Summary
2. Flip-Flop Distribution
3. Detailed Control Set Information

1. Summary
----------

+----------------------------------------------------------+-------+
|                          Status                          | Count |
+----------------------------------------------------------+-------+
| Number of unique control sets                            |     3 |
| Unused register locations in slices containing registers |    14 |
+----------------------------------------------------------+-------+


2. Flip-Flop Distribution
-------------------------

+--------------+-----------------------+------------------------+-----------------+--------------+
| Clock Enable | Synchronous Set/Reset | Asynchronous Set/Reset | Total Registers | Total Slices |
+--------------+-----------------------+------------------------+-----------------+--------------+
| No           | No                    | No                     |              57 |           21 |
| No           | No                    | Yes                    |               0 |            0 |
| No           | Yes                   | No                     |              33 |           10 |
| Yes          | No                    | No                     |               0 |            0 |
| Yes          | No                    | Yes                    |               0 |            0 |
| Yes          | Yes                   | No                     |               0 |            0 |
+--------------+-----------------------+------------------------+-----------------+--------------+


3. Detailed Control Set Information
-----------------------------------

+----------------------------------+---------------+------------------+------------------+----------------+
|           Clock Signal           | Enable Signal | Set/Reset Signal | Slice Load Count | Bel Load Count |
+----------------------------------+---------------+------------------+------------------+----------------+
|  CLK/clk_5KHz                    |               |                  |                7 |             21 |
|  clk100MHz_IBUF_BUFG             |               | rst_IBUF         |               10 |             33 |
|  DBNC/button_indicator_OBUF_BUFG |               |                  |               14 |             36 |
+----------------------------------+---------------+------------------+------------------+----------------+


+--------+-----------------------+
| Fanout | Number of ControlSets |
+--------+-----------------------+
| 16+    |                     3 |
+--------+-----------------------+


